WARNING: the source database is set as ARITHABORT OFF.
         It means that for SQL Server, 10/0 = NULL.
         You'll probably have problems porting that to PostgreSQL.
Warning: TABLE type in SQL Server, input line 98, ignored a primary key constraint
Warning: TABLE type in SQL Server, input line 114, ignored a primary key constraint
Warning: TABLE type in SQL Server, input line 131, ignored a primary key constraint
Warning: TABLE type in SQL Server, input line 155, ignored a primary key constraint
Warning: TABLE type in SQL Server, input line 169, ignored a primary key constraint
Warning: TABLE type in SQL Server, input line 184, ignored a primary key constraint
Warning: TABLE type in SQL Server, input line 236, ignored a primary key constraint
Warning: TABLE type in SQL Server, input line 252, ignored a primary key constraint
Warning: TABLE type in SQL Server, input line 287, ignored a primary key constraint
Warning: TABLE type in SQL Server, input line 308, ignored a primary key constraint
Warning: TABLE type in SQL Server, input line 326, ignored a primary key constraint
Warning: TABLE type in SQL Server, input line 349, ignored a primary key constraint
Warning: TABLE type in SQL Server, input line 358, ignored a primary key constraint
Warning: TABLE type in SQL Server, input line 378, ignored a primary key constraint
Warning: TABLE type in SQL Server, input line 389, ignored a primary key constraint
Warning: TABLE type in SQL Server, input line 420, ignored a primary key constraint
Warning: TABLE type in SQL Server, input line 432, ignored a primary key constraint
Warning: TABLE type in SQL Server, input line 457, ignored a primary key constraint
Warning: TABLE type in SQL Server, input line 473, ignored a primary key constraint
Warning: TABLE type in SQL Server, input line 483, ignored a primary key constraint
Warning: TABLE type in SQL Server, input line 493, ignored a primary key constraint
Warning: TABLE type in SQL Server, input line 517, ignored a primary key constraint
Warning: TABLE type in SQL Server, input line 530, ignored a primary key constraint
Warning: TABLE type in SQL Server, input line 577, ignored a primary key constraint
Warning: TABLE type in SQL Server, input line 608, ignored a primary key constraint
Warning: Function fn_CheckMeasurePointAccess ignored
Warning: Function fn_CheckNodeAccess ignored
Warning: Function fn_CheckRoomAccess ignored
Warning: Function fn_DiffValues ignored
Warning: Function fn_FormatArchiveTimemark ignored
Warning: Function fn_GetAccountMeasurePoints ignored
Warning: Function fn_GetAccountNodeGroups ignored
Warning: Function fn_GetAccountNodes ignored
Warning: Function fn_GetAccountReports ignored
Warning: Function fn_GetAccountRooms ignored
Warning: Function fn_GetAccountTrusteeIdList ignored
Warning: Function fn_GetContractLoad ignored
Warning: Function fn_GetDaysInMonth ignored
Warning: Function fn_GetLimitLoad ignored
Warning: Function fn_GetMeasurePoint ignored
Warning: Function fn_GetNodeReportCountByReportId ignored
Warning: Function fn_GetPollTask ignored
Warning: Function fn_GetPollTaskTitle ignored
Warning: Function fn_GetReportCountByReportTemplateId ignored
Warning: Function fn_GetResourceLoss ignored
Warning: Function fn_IsAccountHasAllNodeAccess ignored
Warning: Function fn_IsAdminAccount ignored
Warning: Function fn_IsListedIpAddress ignored
Warning: Function fn_IsTwoChannelMeasurePoint ignored
Warning: Function fn_ValidateAccountGroupProperties ignored
Warning: Function fn_ValidateBalanceGroupProperties ignored
Warning: Function fn_ValidateCustomAttributeProperties ignored
Warning: Function fn_ValidateCustomerProperties ignored
Warning: Function fn_ValidateEquipmentModelProperties ignored
Warning: Function fn_ValidateEquipmentProperties ignored
Warning: Function fn_ValidateInspectorProperties ignored
Warning: Function fn_ValidateMapProperties ignored
Warning: Function fn_ValidateMeasurePointProperties ignored
Warning: Function fn_ValidateNodeGroupProperties ignored
Warning: Function fn_ValidateNodeProperties ignored
Warning: Function fn_ValidatePersonalAccountProperties ignored
Warning: Function fn_ValidatePollConnectionProperties ignored
Warning: Function fn_ValidatePollPortGroupProperties ignored
Warning: Function fn_ValidatePollPortProperties ignored
Warning: Function fn_ValidateReportTemplateProperties ignored
Warning: Function fn_ValidateRoomCounters ignored
Warning: Function fn_ValidateServiceCompanyProperties ignored
Warning: Function fn_ValidateSupplierProperties ignored
Warning: Function fn_ValidateTaskProperties ignored
Warning: Function IsSupportedAdapter ignored
Warning: There is a calculated column: public.NodeFile.Length. This isn't done the same way in PG at all
	For now it has been declared as a varchar in PG, so that the values can be copied
	You should change its type manually in the dump (sorry for that),
	A trigger has been written in the unsure file. It probably won't work as is.
	Please review it.
Warning: Function fn_GetEquipment ignored
Warning: This index (public.Contingency.IX_Contingency_StartDate_EndDate) has some include columns. This isn't supported in PostgreSQL.
	The columns in the INCLUDE clause have been ignored.
Warning: This index (public.GprsControllerSession.IX_GprsControllerSession_StartDateTime) has some include columns. This isn't supported in PostgreSQL.
	The columns in the INCLUDE clause have been ignored.
Warning: This index (public.MeasurePoint.IX_MeasurePoint_PresonalAccountId_SystemTypeId) has some include columns. This isn't supported in PostgreSQL.
	The columns in the INCLUDE clause have been ignored.
Warning: Procedure sp_AddPlugin ignored
Warning: Procedure sp_ChangeNodeType ignored
Warning: Procedure sp_CheckEquipmentUsageAsCommDevice ignored
Warning: Procedure sp_CheckEquipmentUsageInHouseRooms ignored
Warning: Procedure sp_CheckEquipmentUsageInNodeMeasurePoints ignored
Warning: Procedure sp_ClearMeasurePointDataCopySettings ignored
Warning: Procedure sp_ClearPendingMessages ignored
Warning: Procedure sp_CloseContingency ignored
Warning: Procedure sp_CloseGprsModemSession ignored
Warning: Procedure sp_CloseNodeFile ignored
Warning: Procedure sp_ClosePollSession ignored
Warning: Procedure sp_CreateNodeFile ignored
Warning: Procedure sp_DelAccount ignored
Warning: Procedure sp_DelAccountGroup ignored
Warning: Procedure sp_DelAccountGroupMembership ignored
Warning: Procedure sp_DelAccountNotification ignored
Warning: Procedure sp_DelAccountNotificationByType ignored
Warning: Procedure sp_DelContingency ignored
Warning: Procedure sp_DelCounterTotals ignored
Warning: Procedure sp_DelDeviceEvent ignored
Warning: Procedure sp_DelDeviceMeasurePoint ignored
Warning: Procedure sp_DelEquipment ignored
Warning: Procedure sp_DelEquipmentModel ignored
Warning: Procedure sp_DelEquipmentPollConnection ignored
Warning: Procedure sp_DeleteUnusedMapImages ignored
Warning: Procedure sp_DelInspector ignored
Warning: Procedure sp_DelIpAddress ignored
Warning: Procedure sp_DelMailList ignored
Warning: Procedure sp_DelMap ignored
Warning: Procedure sp_DelMapObject ignored
Warning: Procedure sp_DelMeasurePoint ignored
Warning: Procedure sp_DelMeasurePointConsumption ignored
Warning: Procedure sp_DelMeasurePointCustomAttributes ignored
Warning: Procedure sp_DelMeasurePointDeviceError ignored
Warning: Procedure sp_DelMeasurePointElectricPower ignored
Warning: Procedure sp_DelMeasurePointReport ignored
Warning: Procedure sp_DelMeasurePointTotals ignored
Warning: Procedure sp_DelMeasurePointWaterConsumption ignored
Warning: Procedure sp_DelNode ignored
Warning: Procedure sp_DelNodeBalance ignored
Warning: Procedure sp_DelNodeCustomAttributes ignored
Warning: Procedure sp_DelNodeFile ignored
Warning: Procedure sp_DelNodeGeoLocation ignored
Warning: Procedure sp_DelNodeGroup ignored
Warning: Procedure sp_DelNodeJob ignored
Warning: Procedure sp_DelNodePollConnection ignored
Warning: Procedure sp_DelNodeReport ignored
Warning: Procedure sp_DelNodeSeasonHistory ignored
Warning: Procedure sp_DelNodeSignaling ignored
Warning: Procedure sp_DelNotification ignored
Warning: Procedure sp_DelOutdoorTemperature ignored
Warning: Procedure sp_DelPersonalAccount ignored
Warning: Procedure sp_DelPlugin ignored
Warning: Procedure sp_DelPollConnection ignored
Warning: Procedure sp_DelPollTask ignored
Warning: Procedure sp_DelPreparedReport ignored
Warning: Procedure sp_DelReport ignored
Warning: Procedure sp_DelReportGeneratingTaskNode ignored
Warning: Procedure sp_DelReportParameter ignored
Warning: Procedure sp_DelReportParameterProperty ignored
Warning: Procedure sp_DelReportTemplate ignored
Warning: Procedure sp_DelRoomContractConsumption ignored
Warning: Procedure sp_DelSensor ignored
Warning: Procedure sp_DelServiceCompany ignored
Warning: Procedure sp_DelSupplier ignored
Warning: Procedure sp_DelTask ignored
Warning: Procedure sp_FindAccountByPasswordResetToken ignored
Warning: Procedure sp_FindClosestCounterTotalRecord ignored
Warning: Procedure sp_FindGprsControllerStartedPollTask ignored
Warning: Procedure sp_FindGprsModemByIdentifier ignored
Warning: Procedure sp_FindGprsModemByPollPortId ignored
Warning: Procedure sp_FindNewLastConsumption ignored
Warning: Procedure sp_FindNewLastTotals ignored
Warning: Procedure sp_FindPrevCurrentsGasRecord ignored
Warning: Procedure sp_FindPrevCurrentsWaterRecord ignored
Warning: Procedure sp_FindPrevGoodTotalsElectricRecord ignored
Warning: Procedure sp_FindPrevGoodTotalsGasRecord ignored
Warning: Procedure sp_FindPrevGoodTotalsValues ignored
Warning: Procedure sp_FindPrevGoodTotalsWaterRecord ignored
Warning: Procedure sp_FindPrevTotalsElectricRecord ignored
Warning: Procedure sp_FindPrevTotalsGasRecord ignored
Warning: Procedure sp_FindPrevTotalsWaterRecord ignored
Warning: Procedure sp_GetAccount ignored
Warning: Procedure sp_GetAccountGrantedPermissions ignored
Warning: Procedure sp_GetAccountGroup ignored
Warning: Procedure sp_GetAccountGroupListByAccount ignored
Warning: Procedure sp_GetAccountGroupMembership ignored
Warning: Procedure sp_GetAccountIdByLogin ignored
Warning: Procedure sp_GetAccountListByNode ignored
Warning: Procedure sp_GetAccountListByTask ignored
Warning: Procedure sp_GetAccountLog ignored
Warning: Procedure sp_GetAccountMeasurePoint ignored
Warning: Procedure sp_GetAccountNode ignored
Warning: Procedure sp_GetAccountNotification ignored
Warning: Procedure sp_GetAccountNotificationIncidents ignored
Warning: Procedure sp_GetAccountNotificationJobTypes ignored
Warning: Procedure sp_GetAccountNotificationMethod ignored
Warning: Procedure sp_GetAccountNotificationNode ignored
Warning: Procedure sp_GetAccountNotifications ignored
Warning: Procedure sp_GetAccountPersonalAccount ignored
Warning: Procedure sp_GetAccountsAllowedForMeasurePoint ignored
Warning: Procedure sp_GetAccountsAllowedForNode ignored
Warning: Procedure sp_GetAccountSecretKey ignored
Warning: Procedure sp_GetBalanceGroupMeasurePoint ignored
Warning: Procedure sp_GetColdWaterConsumptionByRoomsForHouse ignored
Warning: Procedure sp_GetCommDeviceGprsPollConnections ignored
Warning: Procedure sp_GetContingency ignored
Warning: Procedure sp_GetContingencyByMeasurePoint ignored
Warning: Procedure sp_GetContingencyList ignored
Warning: Procedure sp_GetContingencyTypeSummaryByHouse ignored
Warning: Procedure sp_GetContractConsumption ignored
Warning: Procedure sp_GetContractConsumptionLimit ignored
Warning: Procedure sp_GetContractTemperatureParameters ignored
Warning: Procedure sp_GetContractTemperatureValues ignored
Warning: Procedure sp_GetControllerById ignored
Warning: Procedure sp_GetCounterTotalsForReportingMonth ignored
Warning: Procedure sp_GetCounterTotalsLast ignored
Warning: Procedure sp_GetCustomAttributesByMeasurePointIdList ignored
Warning: Procedure sp_GetCustomer ignored
Warning: Procedure sp_GetCustomerListWithAccessCheck ignored
Warning: Procedure sp_GetDataBaseInfo ignored
Warning: Procedure sp_GetDataInterface ignored
Warning: Procedure sp_GetDataStatus ignored
Warning: Procedure sp_GetDataStatusByHouse ignored
Warning: Procedure sp_GetDataStatusByMeasurePoint ignored
Warning: Procedure sp_GetDayLeak ignored
Warning: Procedure sp_GetDefaultPollConnectionTypeByMeasurePointId ignored
Warning: Procedure sp_GetDeviceAddress ignored
Warning: Procedure sp_GetDeviceCell ignored
Warning: Procedure sp_GetDeviceChannel ignored
Warning: Procedure sp_GetDeviceConfig ignored
Warning: Procedure sp_GetDeviceEvents ignored
Warning: Procedure sp_GetDeviceTag ignored
Warning: Procedure sp_GetDriverInterface ignored
Warning: Procedure sp_GetDryContactsState ignored
Warning: Procedure sp_GetEavConsumption ignored
Warning: Procedure sp_GetElectricConsumption ignored
Warning: Procedure sp_GetElectricConsumptionByRoomsForHouse ignored
Warning: Procedure sp_GetElectricConsumptionInfo ignored
Warning: Procedure sp_GetElectricSummaryConsumptionForHouse ignored
Warning: Procedure sp_GetElectricTotals ignored
Warning: Procedure sp_GetEquipmentById ignored
Warning: Procedure sp_GetEquipmentCountByModel ignored
Warning: Procedure sp_GetEquipmentListByNodeId ignored
Warning: Procedure sp_GetEquipmentListByPollConnectionId ignored
Warning: Procedure sp_GetEquipmentListByRoom ignored
Warning: Procedure sp_GetEquipmentListWithAccessCheck ignored
Warning: Procedure sp_GetEquipmentModelAdapter ignored
Warning: Procedure sp_GetEquipmentPollConnection ignored
Warning: Procedure sp_GetEquipmentPollStatistics ignored
Warning: Procedure sp_GetEquipmentRelatedMeasurePoints ignored
Warning: Procedure sp_GetFixedNodeListByReportId ignored
Warning: Procedure sp_GetGasConsumption ignored
Warning: Procedure sp_GetGasConsumptionByRoomsForHouse ignored
Warning: Procedure sp_GetGasConsumptionInfo ignored
Warning: Procedure sp_GetGasSummaryConsumptionForHouse ignored
Warning: Procedure sp_GetGasTotals ignored
Warning: Procedure sp_GetGprsModemLastSession ignored
Warning: Procedure sp_GetGprsModemSessions ignored
Warning: Procedure sp_GetGprsModemStatistics ignored
Warning: Procedure sp_GetHeatConsumptionByRoomsForHouse ignored
Warning: Procedure sp_GetHeatLoss ignored
Warning: Procedure sp_GetHeatSummaryConsumptionForHouse ignored
Warning: Procedure sp_GetHotWaterConsumptionByRoomsForHouse ignored
Warning: Procedure sp_GetHotWaterSummaryConsumptionForHouse ignored
Warning: Procedure sp_GetHouseConsumption ignored
Warning: Procedure sp_GetHouseListWhichUseReportTemplate ignored
Warning: Procedure sp_GetIncidentLog ignored
Warning: Procedure sp_GetIncidentLogByMeasurePoint ignored
Warning: Procedure sp_GetIncidentsForAccountNotifications ignored
Warning: Procedure sp_GetInspector ignored
Warning: Procedure sp_GetInspectorList ignored
Warning: Procedure sp_GetIpAddress ignored
Warning: Procedure sp_GetLastConsumption ignored
Warning: Procedure sp_GetLastConsumptionByMeasurePointId ignored
Warning: Procedure sp_GetLastDryContactsState ignored
Warning: Procedure sp_GetLastEquipmentPollState ignored
Warning: Procedure sp_GetLastTotals ignored
Warning: Procedure sp_GetLastTotalsByMeasurePoint ignored
Warning: Procedure sp_GetLatestDeviceConfig ignored
Warning: Procedure sp_GetMap ignored
Warning: Procedure sp_GetMapImageLength ignored
Warning: Procedure sp_GetMapImages ignored
Warning: Procedure sp_GetMapListWithAccessCheck ignored
Warning: Procedure sp_GetMapObjectAppearances ignored
Warning: Procedure sp_GetMapObjects ignored
Warning: Procedure sp_GetMeasurePointByHouseWithAccessCheck ignored
Warning: Procedure sp_GetMeasurePointById ignored
Warning: Procedure sp_GetMeasurePointByNodeWithAccessCheck ignored
Warning: Procedure sp_GetMeasurePointByNumber ignored
Warning: Procedure sp_GetMeasurePointByRoomWithAccessCheck ignored
Warning: Procedure sp_GetMeasurePointCustomAttributes ignored
Warning: Procedure sp_GetMeasurePointDataCopySettings ignored
Warning: Procedure sp_GetMeasurePointDataCopySettingsAny ignored
Warning: Procedure sp_GetMeasurePointDataRecordCount ignored
Warning: Procedure sp_GetMeasurePointDefaultPollConnectionType ignored
Warning: Procedure sp_GetMeasurePointDeviceError ignored
Warning: Procedure sp_GetMeasurePointDiagDefaults ignored
Warning: Procedure sp_GetMeasurePointDiagParams ignored
Warning: Procedure sp_GetMeasurePointElectricPower ignored
Warning: Procedure sp_GetMeasurePointEquipment ignored
Warning: Procedure sp_GetMeasurePointExpression ignored
Warning: Procedure sp_GetMeasurePointInfoBySensor ignored
Warning: Procedure sp_GetMeasurePointList ignored
Warning: Procedure sp_GetMeasurePointListByCustomAttribute ignored
Warning: Procedure sp_GetMeasurePointListByDevice ignored
Warning: Procedure sp_GetMeasurePointListByHouse ignored
Warning: Procedure sp_GetMeasurePointListByNode ignored
Warning: Procedure sp_GetMeasurePointListByPollTask ignored
Warning: Procedure sp_GetMeasurePointListByRoom ignored
Warning: Procedure sp_GetMeasurePointListWhichUseReportTemplate ignored
Warning: Procedure sp_GetMeasurePointReport ignored
Warning: Procedure sp_GetMeasurePointReportTemplateId ignored
Warning: Procedure sp_GetMeasurePointsByBalanceGroup ignored
Warning: Procedure sp_GetMeasurePointStateSummaryByHouse ignored
Warning: Procedure sp_GetMeasurePointsThatUsesEquipmentModelAsSensor ignored
Warning: Procedure sp_GetMeasurePointWithAccessCheck ignored
Warning: Procedure sp_GetModemCommand ignored
Warning: Procedure sp_GetModemType ignored
Warning: Procedure sp_GetNightWaterLeak ignored
Warning: Procedure sp_GetNodeBalance ignored
Warning: Procedure sp_GetNodeBalanceWaterConsumptionDay ignored
Warning: Procedure sp_GetNodeCustomAttributes ignored
Warning: Procedure sp_GetNodeDiagDefaults ignored
Warning: Procedure sp_GetNodeDiagParams ignored
Warning: Procedure sp_GetNodeEquipment ignored
Warning: Procedure sp_GetNodeFile ignored
Warning: Procedure sp_GetNodeFileCount ignored
Warning: Procedure sp_GetNodeFileList ignored
Warning: Procedure sp_GetNodeGroupList ignored
Warning: Procedure sp_GetNodeGroupMembership ignored
Warning: Procedure sp_GetNodeIsHeatingSeasonNow ignored
Warning: Procedure sp_GetNodeJob ignored
Warning: Procedure sp_GetNodeJobWithAccessCheck ignored
Warning: Procedure sp_GetNodeList ignored
Warning: Procedure sp_GetNodeListByCustomAttribute ignored
Warning: Procedure sp_GetNodeListByReportGeneratingTask ignored
Warning: Procedure sp_GetNodeListWhichUseReportTemplate ignored
Warning: Procedure sp_GetNodeListWithAccessCheck ignored
Warning: Procedure sp_GetNodePollConnection ignored
Warning: Procedure sp_GetNodeReport ignored
Warning: Procedure sp_GetNodeReportTemplateId ignored
Warning: Procedure sp_GetNodeRoomSystems ignored
Warning: Procedure sp_GetNodeSeasonHistory ignored
Warning: Procedure sp_GetNodeSignaling ignored
Warning: Procedure sp_GetNodeStateData ignored
Warning: Procedure sp_GetNodeSuppliers ignored
Warning: Procedure sp_GetNotification ignored
Warning: Procedure sp_GetNotificationsByAccount ignored
Warning: Procedure sp_GetNotificationsByType ignored
Warning: Procedure sp_GetOpenedIncidentCount ignored
Warning: Procedure sp_GetOutdoorTemperature ignored
Warning: Procedure sp_GetPersonalAccountList ignored
Warning: Procedure sp_GetPluginList ignored
Warning: Procedure sp_GetPluginSettings ignored
Warning: Procedure sp_GetPollConnectionById ignored
Warning: Procedure sp_GetPollConnectionList ignored
Warning: Procedure sp_GetPollConnectionListByEquipmentId ignored
Warning: Procedure sp_GetPollConnectionListByNode ignored
Warning: Procedure sp_GetPollDeviceAddress ignored
Warning: Procedure sp_GetPollDeviceCell ignored
Warning: Procedure sp_GetPollDeviceChannel ignored
Warning: Procedure sp_GetPollDeviceConfigParam ignored
Warning: Procedure sp_GetPollPortPollSessions ignored
Warning: Procedure sp_GetPollPortStatistics ignored
Warning: Procedure sp_GetPollPortSummaryStatistics ignored
Warning: Procedure sp_GetPollSessionList ignored
Warning: Procedure sp_GetPollSessionListByTask ignored
Warning: Procedure sp_GetPollSessionLog ignored
Warning: Procedure sp_GetPollTask ignored
Warning: Procedure sp_GetPollTaskListByMeasurePointId ignored
Warning: Procedure sp_GetPollTaskListByPollConnectionId ignored
Warning: Procedure sp_GetPollTaskListForPort ignored
Warning: Procedure sp_GetPollTaskPollInterval ignored
Warning: Procedure sp_GetPreparedReportById ignored
Warning: Procedure sp_GetPreparedReports ignored
Warning: Procedure sp_GetPreparedReportThumbnail ignored
Warning: Procedure sp_GetReport ignored
Warning: Procedure sp_GetReportGeneratingTasksByReport ignored
Warning: Procedure sp_GetReportGeneratingTaskSettings ignored
Warning: Procedure sp_GetReportList ignored
Warning: Procedure sp_GetReportListByMeasurePoints ignored
Warning: Procedure sp_GetReportListByNodes ignored
Warning: Procedure sp_GetReportListWithAccessCheck ignored
Warning: Procedure sp_GetReportParameterByName ignored
Warning: Procedure sp_GetReportParameterList ignored
Warning: Procedure sp_GetReportParameterPropertyList ignored
Warning: Procedure sp_GetReportTemplate ignored
Warning: Procedure sp_GetReportTemplateText ignored
Warning: Procedure sp_GetRoomByCounter ignored
Warning: Procedure sp_GetRoomContractConsumption ignored
Warning: Procedure sp_GetRoomCounter ignored
Warning: Procedure sp_GetRoomCounterByHouse ignored
Warning: Procedure sp_GetRoomListByHouse ignored
Warning: Procedure sp_GetRoomListByHouseWitchAccessCheck ignored
Warning: Procedure sp_GetRoomListWhichUseReportTemplate ignored
Warning: Procedure sp_GetRoomSystems ignored
Warning: Procedure sp_GetScmParameters ignored
Warning: Procedure sp_GetSensor ignored
Warning: Procedure sp_GetSensorList ignored
Warning: Procedure sp_GetServiceCompany ignored
Warning: Procedure sp_GetServiceCompanyListWithAccessCheck ignored
Warning: Procedure sp_GetSumHouseConsumption ignored
Warning: Procedure sp_GetSupplier ignored
Warning: Procedure sp_GetSupplierList ignored
Warning: Procedure sp_GetSuppliersForNode ignored
Warning: Procedure sp_GetSystemLog ignored
Warning: Procedure sp_GetTablesTotalSpace ignored
Warning: Procedure sp_GetTask ignored
Warning: Procedure sp_GetTaskList ignored
Warning: Procedure sp_GetTenantRooms ignored
Warning: Procedure sp_GetTimeZone ignored
Warning: Procedure sp_GetTrusteeDiagrams ignored
Warning: Procedure sp_GetTrusteeNodeGroups ignored
Warning: Procedure sp_GetTrusteePermissions ignored
Warning: Procedure sp_GetTrusteeReport ignored
Warning: Procedure sp_GetWaterConsumption ignored
Warning: Procedure sp_GetWaterConsumptionInfo ignored
Warning: Procedure sp_GetWaterEstimatedConsumption ignored
Warning: Procedure sp_GetWaterTotals ignored
Warning: Procedure sp_InsAccount ignored
Warning: Procedure sp_InsAccountGroup ignored
Warning: Procedure sp_InsAccountGroupMembership ignored
Warning: Procedure sp_InsAccountLog ignored
Warning: Procedure sp_InsDataStatus ignored
Warning: Procedure sp_InsDeviceAddress ignored
Warning: Procedure sp_InsDeviceCell ignored
Warning: Procedure sp_InsDeviceChannel ignored
Warning: Procedure sp_InsDeviceEventRecord ignored
Warning: Procedure sp_InsDeviceMeasurePoint ignored
Warning: Procedure sp_InsEquipment ignored
Warning: Procedure sp_InsEquipmentModel ignored
Warning: Procedure sp_InsEquipmentModelModification ignored
Warning: Procedure sp_InsEquipmentPollStatistics ignored
Warning: Procedure sp_InsGprsControllerSession ignored
Warning: Procedure sp_InsInspector ignored
Warning: Procedure sp_InsIpAddress ignored
Warning: Procedure sp_InsMailList ignored
Warning: Procedure sp_InsMap ignored
Warning: Procedure sp_InsMapObject ignored
Warning: Procedure sp_InsMeasurePoint ignored
Warning: Procedure sp_InsMeasurePointReport ignored
Warning: Procedure sp_InsNode ignored
Warning: Procedure sp_InsNodeBalance ignored
Warning: Procedure sp_InsNodeEquipment ignored
Warning: Procedure sp_InsNodeGroup ignored
Warning: Procedure sp_InsNodeJob ignored
Warning: Procedure sp_InsNodeReport ignored
Warning: Procedure sp_InsNodeSeasonHistory ignored
Warning: Procedure sp_InsNotification ignored
Warning: Procedure sp_InsPersonalAccount ignored
Warning: Procedure sp_InsPollConnection ignored
Warning: Procedure sp_InsPollSessionLog ignored
Warning: Procedure sp_InsPollTask ignored
Warning: Procedure sp_InsPollTaskMeasurePoint ignored
Warning: Procedure sp_InsPreparedReport ignored
Warning: Procedure sp_InsReport ignored
Warning: Procedure sp_InsReportGeneratingTaskNode ignored
Warning: Procedure sp_InsReportGeneratingTaskSettings ignored
Warning: Procedure sp_InsReportParameter ignored
Warning: Procedure sp_InsReportParameterProperty ignored
Warning: Procedure sp_InsReportTemplate ignored
Warning: Procedure sp_InsRoomCounters ignored
Warning: Procedure sp_InsSensor ignored
Warning: Procedure sp_InsServiceCompany ignored
Warning: Procedure sp_InsSupplier ignored
Warning: Procedure sp_InsSystemLog ignored
Warning: Procedure sp_InsTask ignored
Warning: Procedure sp_MoveMeasurePointToNode ignored
Warning: Procedure sp_OpenPollSession ignored
Warning: Procedure sp_ReadMapImage ignored
Warning: Procedure sp_ReadNodeFile ignored
Warning: Procedure sp_RemoveRoomCounters ignored
Warning: Procedure sp_ResetGprsControllerStartedPollTasksAttempts ignored
Warning: Procedure sp_ResetPollQueue ignored
Warning: Procedure sp_RevokeMeasurePointExplicitAccess ignored
Warning: Procedure sp_SaveTaskState ignored
Warning: Procedure sp_SaveThumbnailForNodeFile ignored
Warning: Procedure sp_SetAccountIpAddressMode ignored
Warning: Procedure sp_SetAccountMeasurePoint ignored
Warning: Procedure sp_SetAccountNode ignored
Warning: Procedure sp_SetAccountNotification ignored
Warning: Procedure sp_SetAccountNotificationIncident ignored
Warning: Procedure sp_SetAccountNotificationJobType ignored
Warning: Procedure sp_SetAccountNotificationMethod ignored
Warning: Procedure sp_SetAccountNotificationNode ignored
Warning: Procedure sp_SetAccountPassword ignored
Warning: Procedure sp_SetAccountRoom ignored
Warning: Procedure sp_SetAccountsForAccountGroup ignored
Warning: Procedure sp_SetBalanceGroupMeasurePoints ignored
Warning: Procedure sp_SetContractConsumption ignored
Warning: Procedure sp_SetContractConsumptionLimit ignored
Warning: Procedure sp_SetContractTemperatureValues ignored
Warning: Procedure sp_SetCounterTotals ignored
Warning: Procedure sp_SetDeviceConfig ignored
Warning: Procedure sp_SetDeviceTag ignored
Warning: Procedure sp_SetDivisionMembers ignored
Warning: Procedure sp_SetDryContactsState ignored
Warning: Procedure sp_SetEavConsumption ignored
Warning: Procedure sp_SetElectricConsumption ignored
Warning: Procedure sp_SetElectricPowerQuality ignored
Warning: Procedure sp_SetElectricTotals ignored
Warning: Procedure sp_SetEquipmentPollConnection ignored
Warning: Procedure sp_SetEquipmentPollSettings ignored
Warning: Procedure sp_SetFixedNodeReport ignored
Warning: Procedure sp_SetGasConsumption ignored
Warning: Procedure sp_SetGasConsumptionCurrent ignored
Warning: Procedure sp_SetGasTotals ignored
Warning: Procedure sp_SetGprsControllerInfo ignored
Warning: Procedure sp_SetGprsModemInfo ignored
Warning: Procedure sp_SetHeatLoss ignored
Warning: Procedure sp_SetHouseCommunalPollEnabled ignored
Warning: Procedure sp_SetHouseNorms ignored
Warning: Procedure sp_SetIncident ignored
Warning: Procedure sp_SetLastConsumption ignored
Warning: Procedure sp_SetLastTotals ignored
Warning: Procedure sp_SetMapObjectAppearance ignored
Warning: Procedure sp_SetMeasurePointCalcAndStorage ignored
Warning: Procedure sp_SetMeasurePointCustomAttributes ignored
Warning: Procedure sp_SetMeasurePointDataCopySettings ignored
Warning: Procedure sp_SetMeasurePointDeviceErrors ignored
Warning: Procedure sp_SetMeasurePointDiagDefaults ignored
Warning: Procedure sp_SetMeasurePointDiagParams ignored
Warning: Procedure sp_SetMeasurePointExpression ignored
Warning: Procedure sp_SetMeasurePointOrder ignored
Warning: Procedure sp_SetMeasurePointPower ignored
Warning: Procedure sp_SetMeasurePointState ignored
Warning: Procedure sp_SetNodeAccounts ignored
Warning: Procedure sp_SetNodeCustomAttributes ignored
Warning: Procedure sp_SetNodeDiagDefaults ignored
Warning: Procedure sp_SetNodeDiagParams ignored
Warning: Procedure sp_SetNodeEquipment ignored
Warning: Procedure sp_SetNodeGeoLocation ignored
Warning: Procedure sp_SetNodeGroupsForNode ignored
Warning: Procedure sp_SetNodePollConnection ignored
Warning: Procedure sp_SetNodesForNodeGroup ignored
Warning: Procedure sp_SetNodeSignaling ignored
Warning: Procedure sp_SetNodeSignalState ignored
Warning: Procedure sp_SetNodeState ignored
Warning: Procedure sp_SetNodeSuppliers ignored
Warning: Procedure sp_SetNodeTerritory ignored
Warning: Procedure sp_SetNodeTimeZoneOffset ignored
Warning: Procedure sp_SetOutdoorTemperature ignored
Warning: Procedure sp_SetPasswordResetToken ignored
Warning: Procedure sp_SetPluginSettings ignored
Warning: Procedure sp_SetPollSessionPollPort ignored
Warning: Procedure sp_SetPollTaskMaxGprsSessionCount ignored
Warning: Procedure sp_SetPollTaskPriority ignored
Warning: Procedure sp_SetPollTaskState ignored
Warning: Procedure sp_SetReportParameter ignored
Warning: Procedure sp_SetRoomContractConsumption ignored
Warning: Procedure sp_SetScmParameters ignored
Warning: Procedure sp_SetTaskSchedule ignored
Warning: Procedure sp_SetTotalsResettedValues ignored
Warning: Procedure sp_SetTrusteeDiagrams ignored
Warning: Procedure sp_SetTrusteeNodeGroups ignored
Warning: Procedure sp_SetTrusteePermissions ignored
Warning: Procedure sp_SetTrusteeReports ignored
Warning: Procedure sp_SetWaterConsumption ignored
Warning: Procedure sp_SetWaterConsumptionCurrent ignored
Warning: Procedure sp_SetWaterEstimatedConsumption ignored
Warning: Procedure sp_SetWaterTotals ignored
Warning: Procedure sp_UpdAccount ignored
Warning: Procedure sp_UpdAccountGroup ignored
Warning: Procedure sp_UpdateAccountLastLoginTime ignored
Warning: Procedure sp_UpdateContractTemperatureParameters ignored
Warning: Procedure sp_UpdatePollPortStatistics ignored
Warning: Procedure sp_UpdDeviceBatteryLevel ignored
Warning: Procedure sp_UpdDeviceTimeDifference ignored
Warning: Procedure sp_UpdDeviceVersionInfo ignored
Warning: Procedure sp_UpdEquipment ignored
Warning: Procedure sp_UpdEquipmentModel ignored
Warning: Procedure sp_UpdEquipmentModelModification ignored
Warning: Procedure sp_UpdInspector ignored
Warning: Procedure sp_UpdMap ignored
Warning: Procedure sp_UpdMapObject ignored
Warning: Procedure sp_UpdMeasurePoint ignored
Warning: Procedure sp_UpdMeasurePointReport ignored
Warning: Procedure sp_UpdNode ignored
Warning: Procedure sp_UpdNodeFilePublicProperty ignored
Warning: Procedure sp_UpdNodeGroup ignored
Warning: Procedure sp_UpdNodeJob ignored
Warning: Procedure sp_UpdNodeReport ignored
Warning: Procedure sp_UpdNodeSeasonHistory ignored
Warning: Procedure sp_UpdNotification ignored
Warning: Procedure sp_UpdPersonalAccount ignored
Warning: Procedure sp_UpdPollConnection ignored
Warning: Procedure sp_UpdPollTask ignored
Warning: Procedure sp_UpdPollTaskSchedule ignored
Warning: Procedure sp_UpdReport ignored
Warning: Procedure sp_UpdReportGeneratingTaskSettings ignored
Warning: Procedure sp_UpdReportParameterProperty ignored
Warning: Procedure sp_UpdReportTemplate ignored
Warning: Procedure sp_UpdReportTemplateTitleAndComment ignored
Warning: Procedure sp_UpdServiceCompany ignored
Warning: Procedure sp_UpdSupplier ignored
Warning: Procedure sp_UpdTask ignored
Warning: Procedure sp_ValidateReport ignored
Warning: Procedure sp_ValidateReportParameterProperty ignored
Warning: Procedure sp_ValidateServicemanProperties ignored
Warning: Procedure sp_WriteMapImage ignored
Warning: Procedure sp_WriteNodeFile ignored
Warning: Procedure ssp_GetExpiredPollTasks ignored
Warning: Procedure ssp_GetMeasurePointAutoPollTaskId ignored
Warning: Procedure ssp_GetMeasurePointIdList ignored
Warning: Procedure ssp_GetMeasurePointStateData ignored
Warning: Procedure ssp_GetNodeByNumber ignored
Warning: Procedure ssp_GetPersonalAccount ignored
Warning: Procedure ssp_GetPollSession ignored
Warning: Procedure ssp_GetPollStat ignored
Warning: Procedure ssp_GetPollTaskById ignored
Warning: Procedure ssp_GetSystemLogLastRecords ignored
Warning: Procedure ssp_MergeDataStatusIntervals ignored
Warning: Procedure ssp_SystemMaintenanceDaily ignored
Could not parse <EXEC sys.sp_addextendedproperty @name=N'MS_Description', @value=N , @level0type=N'SCHEMA',@level0name=N'dbo', @level1type=N'TABLE',@level1name=N'PersonalAccount', @level2type=N'COLUMN',@level2name=N'PersonalAccount_ID'
>. Ignored.
Warning: index public.Idx_Account_WindowsSid contains a where clause. It goes to unsure file
Warning: index public.UQ_Customer_VatId contains a where clause. It goes to unsure file
Warning: index public.IX_Equipment_ModemIdentifier contains a where clause. It goes to unsure file
Warning: index public.IX_Equipment_PollPortId contains a where clause. It goes to unsure file
Warning: index public.IX_MeasurePoint_Number contains a where clause. It goes to unsure file
Warning: index public.IX_Node_Number contains a where clause. It goes to unsure file
Warning: index public.IX_NodeSupplier_SupplierId contains a where clause. It goes to unsure file
Warning: index public.IX_PersonalAccount_PersonalAccountNumber contains a where clause. It goes to unsure file
Warning: index public.IX_PollConnection_DialNumber contains a where clause. It goes to unsure file
Warning: index public.IX_PollConnection_InternetHostPort contains a where clause. It goes to unsure file
Warning: index public.IX_PollPort_PollServiceId_GprsListenPort contains a where clause. It goes to unsure file
Warning: index public.IX_PollPort_PollService_PortNumber contains a where clause. It goes to unsure file
Warning: index public.IX_PollService_Token contains a where clause. It goes to unsure file
public/AccountGroupMembership has no PK. Cannot create an incremental transformation
public/AccountLog has no PK. Cannot create an incremental transformation
public/AccountNotificationIncident has no PK. Cannot create an incremental transformation
public/AccountNotificationNode has no PK. Cannot create an incremental transformation
public/ContingencyLog has no PK. Cannot create an incremental transformation
public/LimitTemps has no PK. Cannot create an incremental transformation
public/PollSessionLog has no PK. Cannot create an incremental transformation
public/UserSessionRestoreToken has no PK. Cannot create an incremental transformation
public/Version has no PK. Cannot create an incremental transformation
public/Version_Old has no PK. Cannot create an incremental transformation
